This file contains any messages produced by compilers while
running configure, to aid debugging if configure makes a mistake.

It was created by cudd configure 3.0.0, which was
generated by GNU Autoconf 2.71.  Invocation command line was

  $ ./configure

## --------- ##
## Platform. ##
## --------- ##

hostname = pcoz
uname -m = x86_64
uname -r = 6.14.6-300.fc42.x86_64
uname -s = Linux
uname -v = #1 SMP PREEMPT_DYNAMIC Fri May  9 20:11:19 UTC 2025

/usr/bin/uname -p = unknown
/bin/uname -X     = unknown

/bin/arch              = x86_64
/usr/bin/arch -k       = unknown
/usr/convex/getsysinfo = unknown
/usr/bin/hostinfo      = unknown
/bin/machine           = unknown
/usr/bin/oslevel       = unknown
/bin/universe          = unknown

PATH: /home/oz/.juliaup/bin/
PATH: /usr/share/Modules/bin/
PATH: /home/oz/.local/bin/
PATH: /home/oz/bin/
PATH: /usr/local/sbin/
PATH: /usr/local/bin/
PATH: /usr/sbin/
PATH: /usr/bin/
PATH: /var/lib/snapd/snap/bin/
PATH: /opt/gradle/gradle-7.5.1/bin/
PATH: /opt/gradle/gradle-7.5.1/bin/
PATH: /opt/gradle/gradle-7.5.1/bin/


## ----------- ##
## Core tests. ##
## ----------- ##

configure:3075: looking for aux files: ltmain.sh ar-lib compile tap-driver.sh missing install-sh config.guess config.sub
configure:3088:  trying ./build-aux/
configure:3117:   ./build-aux/ltmain.sh found
configure:3117:   ./build-aux/ar-lib found
configure:3117:   ./build-aux/compile found
configure:3117:   ./build-aux/tap-driver.sh found
configure:3117:   ./build-aux/missing found
configure:3099:   ./build-aux/install-sh found
configure:3117:   ./build-aux/config.guess found
configure:3117:   ./build-aux/config.sub found
configure:3237: checking build system type
configure:3252: result: x86_64-pc-linux-gnu
configure:3272: checking host system type
configure:3286: result: x86_64-pc-linux-gnu
configure:3323: checking for a BSD-compatible install
configure:3396: result: /usr/bin/install -c
configure:3407: checking whether build environment is sane
configure:3462: result: yes
configure:3621: checking for a race-free mkdir -p
configure:3665: result: /usr/bin/mkdir -p
configure:3672: checking for gawk
configure:3693: found /usr/bin/gawk
configure:3704: result: gawk
configure:3715: checking whether make sets $(MAKE)
configure:3738: result: yes
configure:3768: checking whether make supports nested variables
configure:3786: result: yes
configure:4022: checking for gcc
configure:4043: found /usr/bin/gcc
configure:4054: result: gcc
configure:4407: checking for C compiler version
configure:4416: gcc --version >&5
gcc (GCC) 15.1.1 20250425 (Red Hat 15.1.1-1)
Copyright (C) 2025 Free Software Foundation, Inc.
This is free software; see the source for copying conditions.  There is NO
warranty; not even for MERCHANTABILITY or FITNESS FOR A PARTICULAR PURPOSE.

configure:4427: $? = 0
configure:4416: gcc -v >&5
Using built-in specs.
COLLECT_GCC=gcc
COLLECT_LTO_WRAPPER=/usr/libexec/gcc/x86_64-redhat-linux/15/lto-wrapper
OFFLOAD_TARGET_NAMES=nvptx-none:amdgcn-amdhsa
OFFLOAD_TARGET_DEFAULT=1
Target: x86_64-redhat-linux
Configured with: ../configure --enable-bootstrap --enable-languages=c,c++,fortran,objc,obj-c++,ada,go,d,m2,cobol,lto --prefix=/usr --mandir=/usr/share/man --infodir=/usr/share/info --with-bugurl=http://bugzilla.redhat.com/bugzilla --enable-shared --enable-threads=posix --enable-checking=release --enable-multilib --with-system-zlib --enable-__cxa_atexit --disable-libunwind-exceptions --enable-gnu-unique-object --enable-linker-build-id --with-gcc-major-version-only --enable-libstdcxx-backtrace --with-libstdcxx-zoneinfo=/usr/share/zoneinfo --with-linker-hash-style=gnu --enable-plugin --enable-initfini-array --with-isl=/builddir/build/BUILD/gcc-15.1.1-build/gcc-15.1.1-20250425/obj-x86_64-redhat-linux/isl-install --enable-offload-targets=nvptx-none,amdgcn-amdhsa --enable-offload-defaulted --without-cuda-driver --enable-gnu-indirect-function --enable-cet --with-tune=generic --with-arch_32=i686 --build=x86_64-redhat-linux --with-build-config=bootstrap-lto --enable-link-serialization=1
Thread model: posix
Supported LTO compression algorithms: zlib zstd
gcc version 15.1.1 20250425 (Red Hat 15.1.1-1) (GCC) 
... rest of stderr output deleted ...
configure:4427: $? = 0
configure:4416: gcc -V >&5
gcc: error: unrecognized command-line option '-V'
gcc: fatal error: no input files
compilation terminated.
configure:4427: $? = 1
configure:4416: gcc -qversion >&5
gcc: error: unrecognized command-line option '-qversion'; did you mean '--version'?
gcc: fatal error: no input files
compilation terminated.
configure:4427: $? = 1
configure:4416: gcc -version >&5
gcc: error: unrecognized command-line option '-version'
gcc: fatal error: no input files
compilation terminated.
configure:4427: $? = 1
configure:4447: checking whether the C compiler works
configure:4469: gcc -Wall -Wextra -g -O3   conftest.c  >&5
configure:4473: $? = 0
configure:4523: result: yes
configure:4526: checking for C compiler default output file name
configure:4528: result: a.out
configure:4534: checking for suffix of executables
configure:4541: gcc -o conftest -Wall -Wextra -g -O3   conftest.c  >&5
configure:4545: $? = 0
configure:4568: result: 
configure:4590: checking whether we are cross compiling
configure:4598: gcc -o conftest -Wall -Wextra -g -O3   conftest.c  >&5
configure:4602: $? = 0
configure:4609: ./conftest
configure:4613: $? = 0
configure:4628: result: no
configure:4633: checking for suffix of object files
configure:4656: gcc -c -Wall -Wextra -g -O3  conftest.c >&5
configure:4660: $? = 0
configure:4682: result: o
configure:4686: checking whether the compiler supports GNU C
configure:4706: gcc -c -Wall -Wextra -g -O3  conftest.c >&5
configure:4706: $? = 0
configure:4716: result: yes
configure:4727: checking whether gcc accepts -g
configure:4748: gcc -c -g  conftest.c >&5
configure:4748: $? = 0
configure:4792: result: yes
configure:4812: checking for gcc option to enable C11 features
configure:4827: gcc  -c -Wall -Wextra -g -O3  conftest.c >&5
conftest.c: In function 'e':
conftest.c:25:14: warning: old-style function definition [-Wold-style-definition]
   25 | static char *e (p, i)
      |              ^
conftest.c: At top level:
conftest.c:186:1: warning: '_Noreturn' is not at beginning of declaration [-Wold-style-declaration]
  186 | int _Noreturn does_not_return (void) { for (;;) continue; }
      | ^~~
configure:4827: $? = 0
configure:4845: result: none needed
configure:4961: checking whether gcc understands -c and -o together
configure:4984: gcc -c conftest.c -o conftest2.o
configure:4987: $? = 0
configure:4984: gcc -c conftest.c -o conftest2.o
configure:4987: $? = 0
configure:4999: result: yes
configure:5019: checking whether make supports the include directive
configure:5034: make -f confmf.GNU && cat confinc.out
this is the am__doit target
configure:5037: $? = 0
configure:5056: result: yes (GNU style)
configure:5082: checking dependency style of gcc
configure:5194: result: gcc3
configure:5278: checking for g++
configure:5299: found /usr/bin/g++
configure:5310: result: g++
configure:5337: checking for C++ compiler version
configure:5346: g++ --version >&5
g++ (GCC) 15.1.1 20250425 (Red Hat 15.1.1-1)
Copyright (C) 2025 Free Software Foundation, Inc.
This is free software; see the source for copying conditions.  There is NO
warranty; not even for MERCHANTABILITY or FITNESS FOR A PARTICULAR PURPOSE.

configure:5357: $? = 0
configure:5346: g++ -v >&5
Using built-in specs.
COLLECT_GCC=g++
COLLECT_LTO_WRAPPER=/usr/libexec/gcc/x86_64-redhat-linux/15/lto-wrapper
OFFLOAD_TARGET_NAMES=nvptx-none:amdgcn-amdhsa
OFFLOAD_TARGET_DEFAULT=1
Target: x86_64-redhat-linux
Configured with: ../configure --enable-bootstrap --enable-languages=c,c++,fortran,objc,obj-c++,ada,go,d,m2,cobol,lto --prefix=/usr --mandir=/usr/share/man --infodir=/usr/share/info --with-bugurl=http://bugzilla.redhat.com/bugzilla --enable-shared --enable-threads=posix --enable-checking=release --enable-multilib --with-system-zlib --enable-__cxa_atexit --disable-libunwind-exceptions --enable-gnu-unique-object --enable-linker-build-id --with-gcc-major-version-only --enable-libstdcxx-backtrace --with-libstdcxx-zoneinfo=/usr/share/zoneinfo --with-linker-hash-style=gnu --enable-plugin --enable-initfini-array --with-isl=/builddir/build/BUILD/gcc-15.1.1-build/gcc-15.1.1-20250425/obj-x86_64-redhat-linux/isl-install --enable-offload-targets=nvptx-none,amdgcn-amdhsa --enable-offload-defaulted --without-cuda-driver --enable-gnu-indirect-function --enable-cet --with-tune=generic --with-arch_32=i686 --build=x86_64-redhat-linux --with-build-config=bootstrap-lto --enable-link-serialization=1
Thread model: posix
Supported LTO compression algorithms: zlib zstd
gcc version 15.1.1 20250425 (Red Hat 15.1.1-1) (GCC) 
... rest of stderr output deleted ...
configure:5357: $? = 0
configure:5346: g++ -V >&5
g++: error: unrecognized command-line option '-V'
g++: fatal error: no input files
compilation terminated.
configure:5357: $? = 1
configure:5346: g++ -qversion >&5
g++: error: unrecognized command-line option '-qversion'; did you mean '--version'?
g++: fatal error: no input files
compilation terminated.
configure:5357: $? = 1
configure:5361: checking whether the compiler supports GNU C++
configure:5381: g++ -c -Wall -Wextra -std=c++0x -g -O3  conftest.cpp >&5
configure:5381: $? = 0
configure:5391: result: yes
configure:5402: checking whether g++ accepts -g
configure:5423: g++ -c -g  conftest.cpp >&5
configure:5423: $? = 0
configure:5467: result: yes
configure:5487: checking for g++ option to enable C++11 features
configure:5502: g++  -c -Wall -Wextra -std=c++0x -g -O3  conftest.cpp >&5
conftest.cpp: In function 'int main(int, char**)':
conftest.cpp:134:8: warning: unused variable 'a1' [-Wunused-variable]
  134 |   auto a1 = 6538;
      |        ^~
conftest.cpp:141:16: warning: unused variable 'a4' [-Wunused-variable]
  141 |   decltype(a2) a4 = 34895.034;
      |                ^~
conftest.cpp:145:9: warning: unused variable 'sa' [-Wunused-variable]
  145 |   short sa[cxx11test::get_val()] = { 0 };
      |         ^~
conftest.cpp:149:23: warning: unused variable 'il' [-Wunused-variable]
  149 |   cxx11test::testinit il = { 4323, 435234.23544 };
      |                       ^~
conftest.cpp:170:8: warning: unused variable 'a' [-Wunused-variable]
  170 |   auto a = sum(1);
      |        ^
conftest.cpp:171:8: warning: unused variable 'b' [-Wunused-variable]
  171 |   auto b = sum(1, 2);
      |        ^
conftest.cpp:172:8: warning: unused variable 'c' [-Wunused-variable]
  172 |   auto c = sum(1.0, 2.0, 3.0);
      |        ^
conftest.cpp:177:25: warning: empty parentheses were disambiguated as a function declaration [-Wvexing-parse]
  177 |   cxx11test::delegate d2();
      |                         ^~
conftest.cpp:177:25: note: remove parentheses to default-initialize a variable
  177 |   cxx11test::delegate d2();
      |                         ^~
      |                         --
conftest.cpp:177:25: note: or replace parentheses with braces to value-initialize a variable
conftest.cpp:186:9: warning: unused variable 'c' [-Wunused-variable]
  186 |   char *c = nullptr;
      |         ^
conftest.cpp:194:15: warning: unused variable 'utf8' [-Wunused-variable]
  194 |   char const *utf8 = u8"UTF-8 string \u2500";
      |               ^~~~
conftest.cpp:195:19: warning: unused variable 'utf16' [-Wunused-variable]
  195 |   char16_t const *utf16 = u"UTF-8 string \u2500";
      |                   ^~~~~
conftest.cpp:196:19: warning: unused variable 'utf32' [-Wunused-variable]
  196 |   char32_t const *utf32 = U"UTF-32 string \u2500";
      |                   ^~~~~
configure:5502: $? = 0
configure:5520: result: none needed
configure:5586: checking dependency style of g++
configure:5698: result: gcc3
configure:5769: checking for ar
configure:5790: found /usr/bin/ar
configure:5801: result: ar
configure:5827: checking the archiver (ar) interface
configure:5844: gcc -c -Wall -Wextra -g -O3  conftest.c >&5
configure:5844: $? = 0
configure:5847: ar cru libconftest.a conftest.o >&5
configure:5850: $? = 0
configure:5878: result: ar
configure:5946: checking how to print strings
configure:5973: result: printf
configure:5994: checking for a sed that does not truncate output
configure:6064: result: /usr/bin/sed
configure:6082: checking for grep that handles long lines and -e
configure:6146: result: /usr/bin/grep
configure:6151: checking for egrep
configure:6219: result: /usr/bin/grep -E
configure:6224: checking for fgrep
configure:6292: result: /usr/bin/grep -F
configure:6328: checking for ld used by gcc
configure:6396: result: /usr/bin/ld
configure:6403: checking if the linker (/usr/bin/ld) is GNU ld
configure:6419: result: yes
configure:6431: checking for BSD- or MS-compatible name lister (nm)
configure:6486: result: /usr/bin/nm -B
configure:6626: checking the name lister (/usr/bin/nm -B) interface
configure:6634: gcc -c -Wall -Wextra -g -O3  conftest.c >&5
configure:6637: /usr/bin/nm -B "conftest.o"
configure:6640: output
0000000000000000 B some_variable
configure:6647: result: BSD nm
configure:6650: checking whether ln -s works
configure:6654: result: yes
configure:6662: checking the maximum length of command line arguments
configure:6794: result: 1572864
configure:6842: checking how to convert x86_64-pc-linux-gnu file names to x86_64-pc-linux-gnu format
configure:6883: result: func_convert_file_noop
configure:6890: checking how to convert x86_64-pc-linux-gnu file names to toolchain format
configure:6911: result: func_convert_file_noop
configure:6918: checking for /usr/bin/ld option to reload object files
configure:6926: result: -r
configure:7005: checking for objdump
configure:7026: found /usr/bin/objdump
configure:7037: result: objdump
configure:7066: checking how to recognize dependent libraries
configure:7267: result: pass_all
configure:7357: checking for dlltool
configure:7392: result: no
configure:7419: checking how to associate runtime and link libraries
configure:7447: result: printf %s\n
configure:7581: checking for archiver @FILE support
configure:7599: gcc -c -Wall -Wextra -g -O3  conftest.c >&5
configure:7599: $? = 0
configure:7603: ar cru libconftest.a @conftest.lst >&5
configure:7606: $? = 0
configure:7611: ar cru libconftest.a @conftest.lst >&5
ar: conftest.o: No such file or directory
configure:7614: $? = 1
configure:7626: result: @
configure:7689: checking for strip
configure:7710: found /usr/bin/strip
configure:7721: result: strip
configure:7798: checking for ranlib
configure:7819: found /usr/bin/ranlib
configure:7830: result: ranlib
configure:7932: checking command to parse /usr/bin/nm -B output from gcc object
configure:8086: gcc -c -Wall -Wextra -g -O3  conftest.c >&5
configure:8089: $? = 0
configure:8093: /usr/bin/nm -B conftest.o \| sed -n -e 's/^.*[ ]\([ABCDGIRSTW][ABCDGIRSTW]*\)[ ][ ]*\([_A-Za-z][_A-Za-z0-9]*\)$/\1 \2 \2/p' | sed '/ __gnu_lto/d' \> conftest.nm
configure:8096: $? = 0
configure:8162: gcc -o conftest -Wall -Wextra -g -O3   conftest.c conftstm.o >&5
configure:8165: $? = 0
configure:8203: result: ok
configure:8250: checking for sysroot
configure:8281: result: no
configure:8288: checking for a working dd
configure:8332: result: /usr/bin/dd
configure:8336: checking how to truncate binary pipes
configure:8352: result: /usr/bin/dd bs=4096 count=1
configure:8489: gcc -c -Wall -Wextra -g -O3  conftest.c >&5
configure:8492: $? = 0
configure:8689: checking for mt
configure:8724: result: no
configure:8744: checking if : is a manifest tool
configure:8751: : '-?'
configure:8759: result: no
configure:9484: checking for stdio.h
configure:9484: gcc -c -Wall -Wextra -g -O3  conftest.c >&5
configure:9484: $? = 0
configure:9484: result: yes
configure:9484: checking for stdlib.h
configure:9484: gcc -c -Wall -Wextra -g -O3  conftest.c >&5
configure:9484: $? = 0
configure:9484: result: yes
configure:9484: checking for string.h
configure:9484: gcc -c -Wall -Wextra -g -O3  conftest.c >&5
configure:9484: $? = 0
configure:9484: result: yes
configure:9484: checking for inttypes.h
configure:9484: gcc -c -Wall -Wextra -g -O3  conftest.c >&5
configure:9484: $? = 0
configure:9484: result: yes
configure:9484: checking for stdint.h
configure:9484: gcc -c -Wall -Wextra -g -O3  conftest.c >&5
configure:9484: $? = 0
configure:9484: result: yes
configure:9484: checking for strings.h
configure:9484: gcc -c -Wall -Wextra -g -O3  conftest.c >&5
configure:9484: $? = 0
configure:9484: result: yes
configure:9484: checking for sys/stat.h
configure:9484: gcc -c -Wall -Wextra -g -O3  conftest.c >&5
configure:9484: $? = 0
configure:9484: result: yes
configure:9484: checking for sys/types.h
configure:9484: gcc -c -Wall -Wextra -g -O3  conftest.c >&5
configure:9484: $? = 0
configure:9484: result: yes
configure:9484: checking for unistd.h
configure:9484: gcc -c -Wall -Wextra -g -O3  conftest.c >&5
configure:9484: $? = 0
configure:9484: result: yes
configure:9509: checking for dlfcn.h
configure:9509: gcc -c -Wall -Wextra -g -O3  conftest.c >&5
configure:9509: $? = 0
configure:9509: result: yes
configure:10106: checking for objdir
configure:10122: result: .libs
configure:10386: checking if gcc supports -fno-rtti -fno-exceptions
configure:10405: gcc -c -Wall -Wextra -g -O3  -fno-rtti -fno-exceptions conftest.c >&5
cc1: warning: command-line option '-fno-rtti' is valid for C++/D/ObjC++ but not for C
configure:10409: $? = 0
configure:10422: result: no
configure:10780: checking for gcc option to produce PIC
configure:10788: result: -fPIC -DPIC
configure:10796: checking if gcc PIC flag -fPIC -DPIC works
configure:10815: gcc -c -Wall -Wextra -g -O3  -fPIC -DPIC -DPIC conftest.c >&5
configure:10819: $? = 0
configure:10832: result: yes
configure:10861: checking if gcc static flag -static works
configure:10890: result: yes
configure:10905: checking if gcc supports -c -o file.o
configure:10927: gcc -c -Wall -Wextra -g -O3  -o out/conftest2.o conftest.c >&5
configure:10931: $? = 0
configure:10953: result: yes
configure:10961: checking if gcc supports -c -o file.o
configure:11009: result: yes
configure:11042: checking whether the gcc linker (/usr/bin/ld -m elf_x86_64) supports shared libraries
configure:12308: result: yes
configure:12549: checking dynamic linker characteristics
configure:13131: gcc -o conftest -Wall -Wextra -g -O3   -Wl,-rpath -Wl,/foo conftest.c  >&5
configure:13131: $? = 0
configure:13370: result: GNU/Linux ld.so
configure:13492: checking how to hardcode library paths into programs
configure:13517: result: immediate
configure:14069: checking whether stripping libraries is possible
configure:14074: result: yes
configure:14109: checking if libtool supports shared libraries
configure:14111: result: yes
configure:14114: checking whether to build shared libraries
configure:14139: result: no
configure:14142: checking whether to build static libraries
configure:14146: result: yes
configure:14169: checking how to run the C++ preprocessor
configure:14191: g++ -E  conftest.cpp
configure:14191: $? = 0
configure:14206: g++ -E  conftest.cpp
conftest.cpp:23:10: fatal error: ac_nonexistent.h: No such file or directory
   23 | #include <ac_nonexistent.h>
      |          ^~~~~~~~~~~~~~~~~~
compilation terminated.
configure:14206: $? = 1
configure: failed program was:
| /* confdefs.h */
| #define PACKAGE_NAME "cudd"
| #define PACKAGE_TARNAME "cudd"
| #define PACKAGE_VERSION "3.0.0"
| #define PACKAGE_STRING "cudd 3.0.0"
| #define PACKAGE_BUGREPORT "Fabio@Colorado.EDU"
| #define PACKAGE_URL ""
| #define PACKAGE "cudd"
| #define VERSION "3.0.0"
| #define HAVE_STDIO_H 1
| #define HAVE_STDLIB_H 1
| #define HAVE_STRING_H 1
| #define HAVE_INTTYPES_H 1
| #define HAVE_STDINT_H 1
| #define HAVE_STRINGS_H 1
| #define HAVE_SYS_STAT_H 1
| #define HAVE_SYS_TYPES_H 1
| #define HAVE_UNISTD_H 1
| #define STDC_HEADERS 1
| #define HAVE_DLFCN_H 1
| #define LT_OBJDIR ".libs/"
| /* end confdefs.h.  */
| #include <ac_nonexistent.h>
configure:14233: result: g++ -E
configure:14247: g++ -E  conftest.cpp
configure:14247: $? = 0
configure:14262: g++ -E  conftest.cpp
conftest.cpp:23:10: fatal error: ac_nonexistent.h: No such file or directory
   23 | #include <ac_nonexistent.h>
      |          ^~~~~~~~~~~~~~~~~~
compilation terminated.
configure:14262: $? = 1
configure: failed program was:
| /* confdefs.h */
| #define PACKAGE_NAME "cudd"
| #define PACKAGE_TARNAME "cudd"
| #define PACKAGE_VERSION "3.0.0"
| #define PACKAGE_STRING "cudd 3.0.0"
| #define PACKAGE_BUGREPORT "Fabio@Colorado.EDU"
| #define PACKAGE_URL ""
| #define PACKAGE "cudd"
| #define VERSION "3.0.0"
| #define HAVE_STDIO_H 1
| #define HAVE_STDLIB_H 1
| #define HAVE_STRING_H 1
| #define HAVE_INTTYPES_H 1
| #define HAVE_STDINT_H 1
| #define HAVE_STRINGS_H 1
| #define HAVE_SYS_STAT_H 1
| #define HAVE_SYS_TYPES_H 1
| #define HAVE_UNISTD_H 1
| #define STDC_HEADERS 1
| #define HAVE_DLFCN_H 1
| #define LT_OBJDIR ".libs/"
| /* end confdefs.h.  */
| #include <ac_nonexistent.h>
configure:14427: checking for ld used by g++
configure:14495: result: /usr/bin/ld -m elf_x86_64
configure:14502: checking if the linker (/usr/bin/ld -m elf_x86_64) is GNU ld
configure:14518: result: yes
configure:14573: checking whether the g++ linker (/usr/bin/ld -m elf_x86_64) supports shared libraries
configure:15650: result: yes
configure:15686: g++ -c -Wall -Wextra -std=c++0x -g -O3  conftest.cpp >&5
configure:15689: $? = 0
configure:16170: checking for g++ option to produce PIC
configure:16178: result: -fPIC -DPIC
configure:16186: checking if g++ PIC flag -fPIC -DPIC works
configure:16205: g++ -c -Wall -Wextra -std=c++0x -g -O3  -fPIC -DPIC -DPIC conftest.cpp >&5
configure:16209: $? = 0
configure:16222: result: yes
configure:16245: checking if g++ static flag -static works
configure:16274: result: yes
configure:16286: checking if g++ supports -c -o file.o
configure:16308: g++ -c -Wall -Wextra -std=c++0x -g -O3  -o out/conftest2.o conftest.cpp >&5
configure:16312: $? = 0
configure:16334: result: yes
configure:16339: checking if g++ supports -c -o file.o
configure:16387: result: yes
configure:16417: checking whether the g++ linker (/usr/bin/ld -m elf_x86_64) supports shared libraries
configure:16457: result: yes
configure:16599: checking dynamic linker characteristics
configure:17347: result: GNU/Linux ld.so
configure:17412: checking how to hardcode library paths into programs
configure:17437: result: immediate
configure:17504: checking whether byte ordering is bigendian
configure:17520: gcc -c -Wall -Wextra -g -O3  conftest.c >&5
conftest.c:24:16: error: unknown type name 'not'
   24 |                not a universal capable compiler
      |                ^~~
conftest.c:24:22: error: expected '=', ',', ';', 'asm' or '__attribute__' before 'universal'
   24 |                not a universal capable compiler
      |                      ^~~~~~~~~
conftest.c:24:22: error: unknown type name 'universal'
configure:17520: $? = 1
configure: failed program was:
| /* confdefs.h */
| #define PACKAGE_NAME "cudd"
| #define PACKAGE_TARNAME "cudd"
| #define PACKAGE_VERSION "3.0.0"
| #define PACKAGE_STRING "cudd 3.0.0"
| #define PACKAGE_BUGREPORT "Fabio@Colorado.EDU"
| #define PACKAGE_URL ""
| #define PACKAGE "cudd"
| #define VERSION "3.0.0"
| #define HAVE_STDIO_H 1
| #define HAVE_STDLIB_H 1
| #define HAVE_STRING_H 1
| #define HAVE_INTTYPES_H 1
| #define HAVE_STDINT_H 1
| #define HAVE_STRINGS_H 1
| #define HAVE_SYS_STAT_H 1
| #define HAVE_SYS_TYPES_H 1
| #define HAVE_UNISTD_H 1
| #define STDC_HEADERS 1
| #define HAVE_DLFCN_H 1
| #define LT_OBJDIR ".libs/"
| /* end confdefs.h.  */
| #ifndef __APPLE_CC__
| 	       not a universal capable compiler
| 	     #endif
| 	     typedef int dummy;
| 
configure:17566: gcc -c -Wall -Wextra -g -O3  conftest.c >&5
configure:17566: $? = 0
configure:17585: gcc -c -Wall -Wextra -g -O3  conftest.c >&5
conftest.c: In function 'main':
conftest.c:30:18: error: unknown type name 'not'; did you mean 'ino_t'?
   30 |                  not big endian
      |                  ^~~
      |                  ino_t
conftest.c:30:26: error: expected '=', ',', ';', 'asm' or '__attribute__' before 'endian'
   30 |                  not big endian
      |                          ^~~~~~
configure:17585: $? = 1
configure: failed program was:
| /* confdefs.h */
| #define PACKAGE_NAME "cudd"
| #define PACKAGE_TARNAME "cudd"
| #define PACKAGE_VERSION "3.0.0"
| #define PACKAGE_STRING "cudd 3.0.0"
| #define PACKAGE_BUGREPORT "Fabio@Colorado.EDU"
| #define PACKAGE_URL ""
| #define PACKAGE "cudd"
| #define VERSION "3.0.0"
| #define HAVE_STDIO_H 1
| #define HAVE_STDLIB_H 1
| #define HAVE_STRING_H 1
| #define HAVE_INTTYPES_H 1
| #define HAVE_STDINT_H 1
| #define HAVE_STRINGS_H 1
| #define HAVE_SYS_STAT_H 1
| #define HAVE_SYS_TYPES_H 1
| #define HAVE_UNISTD_H 1
| #define STDC_HEADERS 1
| #define HAVE_DLFCN_H 1
| #define LT_OBJDIR ".libs/"
| /* end confdefs.h.  */
| #include <sys/types.h>
| 		#include <sys/param.h>
| 
| int
| main (void)
| {
| #if BYTE_ORDER != BIG_ENDIAN
| 		 not big endian
| 		#endif
| 
|   ;
|   return 0;
| }
configure:17719: result: no
configure:17751: checking for doxygen
configure:17772: found /usr/bin/doxygen
configure:17783: result: doxygen
configure:17815: checking for pdflatex
configure:17836: found /usr/bin/pdflatex
configure:17847: result: pdflatex
configure:17866: checking for makeindex
configure:17887: found /usr/bin/makeindex
configure:17898: result: makeindex
configure:17928: checking for library containing pow
configure:17958: gcc -o conftest -Wall -Wextra -g -O3   conftest.c  >&5
conftest.c:27:6: warning: conflicting types for built-in function 'pow'; expected 'double(double,  double)' [-Wbuiltin-declaration-mismatch]
   27 | char pow ();
      |      ^~~
conftest.c:1:1: note: 'pow' is declared in header '<math.h>'
    1 | /* confdefs.h */
/usr/bin/ld: /tmp/ccs53KT8.o: in function `main':
/home/oz/Desktop/bdd/bddsampler/BDDSampler/cudd-3.0.0/conftest.c:31:(.text.startup+0x5): undefined reference to `pow'
collect2: error: ld returned 1 exit status
configure:17958: $? = 1
configure: failed program was:
| /* confdefs.h */
| #define PACKAGE_NAME "cudd"
| #define PACKAGE_TARNAME "cudd"
| #define PACKAGE_VERSION "3.0.0"
| #define PACKAGE_STRING "cudd 3.0.0"
| #define PACKAGE_BUGREPORT "Fabio@Colorado.EDU"
| #define PACKAGE_URL ""
| #define PACKAGE "cudd"
| #define VERSION "3.0.0"
| #define HAVE_STDIO_H 1
| #define HAVE_STDLIB_H 1
| #define HAVE_STRING_H 1
| #define HAVE_INTTYPES_H 1
| #define HAVE_STDINT_H 1
| #define HAVE_STRINGS_H 1
| #define HAVE_SYS_STAT_H 1
| #define HAVE_SYS_TYPES_H 1
| #define HAVE_UNISTD_H 1
| #define STDC_HEADERS 1
| #define HAVE_DLFCN_H 1
| #define LT_OBJDIR ".libs/"
| /* end confdefs.h.  */
| 
| /* Override any GCC internal prototype to avoid an error.
|    Use char because int might match the return type of a GCC
|    builtin and then its argument prototype would still apply.  */
| char pow ();
| int
| main (void)
| {
| return pow ();
|   ;
|   return 0;
| }
configure:17958: gcc -o conftest -Wall -Wextra -g -O3   conftest.c -lm   >&5
conftest.c:27:6: warning: conflicting types for built-in function 'pow'; expected 'double(double,  double)' [-Wbuiltin-declaration-mismatch]
   27 | char pow ();
      |      ^~~
conftest.c:1:1: note: 'pow' is declared in header '<math.h>'
    1 | /* confdefs.h */
configure:17958: $? = 0
configure:17978: result: -lm
configure:17987: checking for pthread_create in -lpthread
configure:18010: gcc -o conftest -Wall -Wextra -g -O3   conftest.c -lpthread  -lm  >&5
configure:18010: $? = 0
configure:18020: result: yes
configure:18038: checking for library containing WSAStartup
configure:18068: gcc -o conftest -Wall -Wextra -g -O3   conftest.c -lm  >&5
/usr/bin/ld: /tmp/ccKVgWZi.o: in function `main':
/home/oz/Desktop/bdd/bddsampler/BDDSampler/cudd-3.0.0/conftest.c:31:(.text.startup+0x5): undefined reference to `WSAStartup'
collect2: error: ld returned 1 exit status
configure:18068: $? = 1
configure: failed program was:
| /* confdefs.h */
| #define PACKAGE_NAME "cudd"
| #define PACKAGE_TARNAME "cudd"
| #define PACKAGE_VERSION "3.0.0"
| #define PACKAGE_STRING "cudd 3.0.0"
| #define PACKAGE_BUGREPORT "Fabio@Colorado.EDU"
| #define PACKAGE_URL ""
| #define PACKAGE "cudd"
| #define VERSION "3.0.0"
| #define HAVE_STDIO_H 1
| #define HAVE_STDLIB_H 1
| #define HAVE_STRING_H 1
| #define HAVE_INTTYPES_H 1
| #define HAVE_STDINT_H 1
| #define HAVE_STRINGS_H 1
| #define HAVE_SYS_STAT_H 1
| #define HAVE_SYS_TYPES_H 1
| #define HAVE_UNISTD_H 1
| #define STDC_HEADERS 1
| #define HAVE_DLFCN_H 1
| #define LT_OBJDIR ".libs/"
| /* end confdefs.h.  */
| 
| /* Override any GCC internal prototype to avoid an error.
|    Use char because int might match the return type of a GCC
|    builtin and then its argument prototype would still apply.  */
| char WSAStartup ();
| int
| main (void)
| {
| return WSAStartup ();
|   ;
|   return 0;
| }
configure:18068: gcc -o conftest -Wall -Wextra -g -O3   conftest.c -lws2_32  -lm  >&5
/usr/bin/ld: cannot find -lws2_32: No such file or directory
collect2: error: ld returned 1 exit status
configure:18068: $? = 1
configure: failed program was:
| /* confdefs.h */
| #define PACKAGE_NAME "cudd"
| #define PACKAGE_TARNAME "cudd"
| #define PACKAGE_VERSION "3.0.0"
| #define PACKAGE_STRING "cudd 3.0.0"
| #define PACKAGE_BUGREPORT "Fabio@Colorado.EDU"
| #define PACKAGE_URL ""
| #define PACKAGE "cudd"
| #define VERSION "3.0.0"
| #define HAVE_STDIO_H 1
| #define HAVE_STDLIB_H 1
| #define HAVE_STRING_H 1
| #define HAVE_INTTYPES_H 1
| #define HAVE_STDINT_H 1
| #define HAVE_STRINGS_H 1
| #define HAVE_SYS_STAT_H 1
| #define HAVE_SYS_TYPES_H 1
| #define HAVE_UNISTD_H 1
| #define STDC_HEADERS 1
| #define HAVE_DLFCN_H 1
| #define LT_OBJDIR ".libs/"
| /* end confdefs.h.  */
| 
| /* Override any GCC internal prototype to avoid an error.
|    Use char because int might match the return type of a GCC
|    builtin and then its argument prototype would still apply.  */
| char WSAStartup ();
| int
| main (void)
| {
| return WSAStartup ();
|   ;
|   return 0;
| }
configure:18088: result: no
configure:18097: checking for library containing GetProcessMemoryInfo
configure:18127: gcc -o conftest -Wall -Wextra -g -O3   conftest.c -lm  >&5
/usr/bin/ld: /tmp/ccohe4YF.o: in function `main':
/home/oz/Desktop/bdd/bddsampler/BDDSampler/cudd-3.0.0/conftest.c:31:(.text.startup+0x5): undefined reference to `GetProcessMemoryInfo'
collect2: error: ld returned 1 exit status
configure:18127: $? = 1
configure: failed program was:
| /* confdefs.h */
| #define PACKAGE_NAME "cudd"
| #define PACKAGE_TARNAME "cudd"
| #define PACKAGE_VERSION "3.0.0"
| #define PACKAGE_STRING "cudd 3.0.0"
| #define PACKAGE_BUGREPORT "Fabio@Colorado.EDU"
| #define PACKAGE_URL ""
| #define PACKAGE "cudd"
| #define VERSION "3.0.0"
| #define HAVE_STDIO_H 1
| #define HAVE_STDLIB_H 1
| #define HAVE_STRING_H 1
| #define HAVE_INTTYPES_H 1
| #define HAVE_STDINT_H 1
| #define HAVE_STRINGS_H 1
| #define HAVE_SYS_STAT_H 1
| #define HAVE_SYS_TYPES_H 1
| #define HAVE_UNISTD_H 1
| #define STDC_HEADERS 1
| #define HAVE_DLFCN_H 1
| #define LT_OBJDIR ".libs/"
| /* end confdefs.h.  */
| 
| /* Override any GCC internal prototype to avoid an error.
|    Use char because int might match the return type of a GCC
|    builtin and then its argument prototype would still apply.  */
| char GetProcessMemoryInfo ();
| int
| main (void)
| {
| return GetProcessMemoryInfo ();
|   ;
|   return 0;
| }
configure:18127: gcc -o conftest -Wall -Wextra -g -O3   conftest.c -lpsapi  -lm  >&5
/usr/bin/ld: cannot find -lpsapi: No such file or directory
collect2: error: ld returned 1 exit status
configure:18127: $? = 1
configure: failed program was:
| /* confdefs.h */
| #define PACKAGE_NAME "cudd"
| #define PACKAGE_TARNAME "cudd"
| #define PACKAGE_VERSION "3.0.0"
| #define PACKAGE_STRING "cudd 3.0.0"
| #define PACKAGE_BUGREPORT "Fabio@Colorado.EDU"
| #define PACKAGE_URL ""
| #define PACKAGE "cudd"
| #define VERSION "3.0.0"
| #define HAVE_STDIO_H 1
| #define HAVE_STDLIB_H 1
| #define HAVE_STRING_H 1
| #define HAVE_INTTYPES_H 1
| #define HAVE_STDINT_H 1
| #define HAVE_STRINGS_H 1
| #define HAVE_SYS_STAT_H 1
| #define HAVE_SYS_TYPES_H 1
| #define HAVE_UNISTD_H 1
| #define STDC_HEADERS 1
| #define HAVE_DLFCN_H 1
| #define LT_OBJDIR ".libs/"
| /* end confdefs.h.  */
| 
| /* Override any GCC internal prototype to avoid an error.
|    Use char because int might match the return type of a GCC
|    builtin and then its argument prototype would still apply.  */
| char GetProcessMemoryInfo ();
| int
| main (void)
| {
| return GetProcessMemoryInfo ();
|   ;
|   return 0;
| }
configure:18147: result: no
configure:18162: checking for float.h
configure:18162: gcc -c -Wall -Wextra -g -O3  conftest.c >&5
configure:18162: $? = 0
configure:18162: result: yes
configure:18162: checking for inttypes.h
configure:18162: result: yes
configure:18162: checking for limits.h
configure:18162: gcc -c -Wall -Wextra -g -O3  conftest.c >&5
configure:18162: $? = 0
configure:18162: result: yes
configure:18162: checking for stddef.h
configure:18162: gcc -c -Wall -Wextra -g -O3  conftest.c >&5
configure:18162: $? = 0
configure:18162: result: yes
configure:18162: checking for stdlib.h
configure:18162: result: yes
configure:18162: checking for string.h
configure:18162: result: yes
configure:18162: checking for assert.h
configure:18162: gcc -c -Wall -Wextra -g -O3  conftest.c >&5
configure:18162: $? = 0
configure:18162: result: yes
configure:18162: checking for math.h
configure:18162: gcc -c -Wall -Wextra -g -O3  conftest.c >&5
configure:18162: $? = 0
configure:18162: result: yes
configure:18178: checking for unistd.h
configure:18178: result: yes
configure:18184: checking for sys/time.h
configure:18184: gcc -c -Wall -Wextra -g -O3  conftest.c >&5
configure:18184: $? = 0
configure:18184: result: yes
configure:18190: checking for sys/times.h
configure:18190: gcc -c -Wall -Wextra -g -O3  conftest.c >&5
configure:18190: $? = 0
configure:18190: result: yes
configure:18196: checking for sys/resource.h
configure:18196: gcc -c -Wall -Wextra -g -O3  conftest.c >&5
configure:18196: $? = 0
configure:18196: result: yes
configure:18202: checking for sys/wait.h
configure:18202: gcc -c -Wall -Wextra -g -O3  conftest.c >&5
configure:18202: $? = 0
configure:18202: result: yes
configure:18210: checking for working C++ thread header
configure:18229: g++ -c -Wall -Wextra -std=c++0x -g -O3  conftest.cpp >&5
configure:18229: $? = 0
configure:18243: result: yes
configure:18254: checking for _Bool
configure:18254: gcc -c -Wall -Wextra -g -O3  conftest.c >&5
configure:18254: $? = 0
configure:18254: gcc -c -Wall -Wextra -g -O3  conftest.c >&5
conftest.c: In function 'main':
conftest.c:68:20: error: expected expression before ')' token
   68 | if (sizeof ((_Bool)))
      |                    ^
configure:18254: $? = 1
configure: failed program was:
| /* confdefs.h */
| #define PACKAGE_NAME "cudd"
| #define PACKAGE_TARNAME "cudd"
| #define PACKAGE_VERSION "3.0.0"
| #define PACKAGE_STRING "cudd 3.0.0"
| #define PACKAGE_BUGREPORT "Fabio@Colorado.EDU"
| #define PACKAGE_URL ""
| #define PACKAGE "cudd"
| #define VERSION "3.0.0"
| #define HAVE_STDIO_H 1
| #define HAVE_STDLIB_H 1
| #define HAVE_STRING_H 1
| #define HAVE_INTTYPES_H 1
| #define HAVE_STDINT_H 1
| #define HAVE_STRINGS_H 1
| #define HAVE_SYS_STAT_H 1
| #define HAVE_SYS_TYPES_H 1
| #define HAVE_UNISTD_H 1
| #define STDC_HEADERS 1
| #define HAVE_DLFCN_H 1
| #define LT_OBJDIR ".libs/"
| #define HAVE_FLOAT_H 1
| #define HAVE_INTTYPES_H 1
| #define HAVE_LIMITS_H 1
| #define HAVE_STDDEF_H 1
| #define HAVE_STDLIB_H 1
| #define HAVE_STRING_H 1
| #define HAVE_ASSERT_H 1
| #define HAVE_MATH_H 1
| #define HAVE_UNISTD_H 1
| #define HAVE_SYS_TIME_H 1
| #define HAVE_SYS_TIMES_H 1
| #define HAVE_SYS_RESOURCE_H 1
| #define HAVE_SYS_WAIT_H 1
| #define HAVE_WORKING_THREAD 1
| /* end confdefs.h.  */
| #include <stddef.h>
| #ifdef HAVE_STDIO_H
| # include <stdio.h>
| #endif
| #ifdef HAVE_STDLIB_H
| # include <stdlib.h>
| #endif
| #ifdef HAVE_STRING_H
| # include <string.h>
| #endif
| #ifdef HAVE_INTTYPES_H
| # include <inttypes.h>
| #endif
| #ifdef HAVE_STDINT_H
| # include <stdint.h>
| #endif
| #ifdef HAVE_STRINGS_H
| # include <strings.h>
| #endif
| #ifdef HAVE_SYS_TYPES_H
| # include <sys/types.h>
| #endif
| #ifdef HAVE_SYS_STAT_H
| # include <sys/stat.h>
| #endif
| #ifdef HAVE_UNISTD_H
| # include <unistd.h>
| #endif
| int
| main (void)
| {
| if (sizeof ((_Bool)))
| 	    return 0;
|   ;
|   return 0;
| }
configure:18254: result: yes
configure:18263: checking for stdbool.h that conforms to C99
configure:18379: gcc -c -Wall -Wextra -g -O3  conftest.c >&5
conftest.c:92:17: error: #error "bool is not defined"
   92 |                #error "bool is not defined"
      |                 ^~~~~
conftest.c:95:17: error: #error "false is not defined"
   95 |                #error "false is not defined"
      |                 ^~~~~
conftest.c:98:17: error: #error "true is not defined"
   98 |                #error "true is not defined"
      |                 ^~~~~
conftest.c: In function 'main':
conftest.c:123:14: warning: the address of 's' will always evaluate as 'true' [-Waddress]
  123 |              bool ps = &s;
      |              ^~~~
conftest.c:128:16: warning: the address of 't' will always evaluate as 'true' [-Waddress]
  128 |                _Bool pt = &t;
      |                ^~~~~
conftest.c:135:22: warning: the address of 'a' will always evaluate as 'true' [-Waddress]
  135 |              return (!a + !b + !c + !d + !e + !f + !g + !h + !i + !j + !k
      |                      ^
conftest.c:135:27: warning: the address of 'b' will always evaluate as 'true' [-Waddress]
  135 |              return (!a + !b + !c + !d + !e + !f + !g + !h + !i + !j + !k
      |                           ^
conftest.c:135:32: warning: the address of 'c' will always evaluate as 'true' [-Waddress]
  135 |              return (!a + !b + !c + !d + !e + !f + !g + !h + !i + !j + !k
      |                                ^
conftest.c:135:37: warning: the address of 'd' will always evaluate as 'true' [-Waddress]
  135 |              return (!a + !b + !c + !d + !e + !f + !g + !h + !i + !j + !k
      |                                     ^
conftest.c:135:62: warning: the address of 'i' will always evaluate as 'true' [-Waddress]
  135 |              return (!a + !b + !c + !d + !e + !f + !g + !h + !i + !j + !k
      |                                                              ^
conftest.c:135:67: warning: the address of 'j' will always evaluate as 'true' [-Waddress]
  135 |              return (!a + !b + !c + !d + !e + !f + !g + !h + !i + !j + !k
      |                                                                   ^
conftest.c:135:72: warning: the address of 'k' will always evaluate as 'true' [-Waddress]
  135 |              return (!a + !b + !c + !d + !e + !f + !g + !h + !i + !j + !k
      |                                                                        ^
conftest.c:136:24: warning: the address of 'l' will always evaluate as 'true' [-Waddress]
  136 |                      + !l + !m + !n + !o + !p + !pp + !ps
      |                        ^
conftest.c:136:29: warning: the address of 'm' will always evaluate as 'true' [-Waddress]
  136 |                      + !l + !m + !n + !o + !p + !pp + !ps
      |                             ^
conftest.c:136:34: warning: the address of 'n' will always evaluate as 'true' [-Waddress]
  136 |                      + !l + !m + !n + !o + !p + !pp + !ps
      |                                  ^
conftest.c:136:39: warning: the address of 'o' will always evaluate as 'true' [-Waddress]
  136 |                      + !l + !m + !n + !o + !p + !pp + !ps
      |                                       ^
conftest.c:138:24: warning: the address of 'q' will always evaluate as 'true' [-Waddress]
  138 |                      + !q + !r + !u + !v + !w + !x + !y + !z + !pt
      |                        ^
conftest.c:138:29: warning: the address of 'r' will always evaluate as 'true' [-Waddress]
  138 |                      + !q + !r + !u + !v + !w + !x + !y + !z + !pt
      |                             ^
conftest.c:138:34: warning: the address of 'u' will always evaluate as 'true' [-Waddress]
  138 |                      + !q + !r + !u + !v + !w + !x + !y + !z + !pt
      |                                  ^
conftest.c:138:39: warning: the address of 'v' will always evaluate as 'true' [-Waddress]
  138 |                      + !q + !r + !u + !v + !w + !x + !y + !z + !pt
      |                                       ^
conftest.c:138:44: warning: the address of 'w' will always evaluate as 'true' [-Waddress]
  138 |                      + !q + !r + !u + !v + !w + !x + !y + !z + !pt
      |                                            ^
conftest.c:138:49: warning: the address of 'x' will always evaluate as 'true' [-Waddress]
  138 |                      + !q + !r + !u + !v + !w + !x + !y + !z + !pt
      |                                                 ^
conftest.c:138:54: warning: the address of 'y' will always evaluate as 'true' [-Waddress]
  138 |                      + !q + !r + !u + !v + !w + !x + !y + !z + !pt
      |                                                      ^
configure:18379: $? = 1
configure: failed program was:
| /* confdefs.h */
| #define PACKAGE_NAME "cudd"
| #define PACKAGE_TARNAME "cudd"
| #define PACKAGE_VERSION "3.0.0"
| #define PACKAGE_STRING "cudd 3.0.0"
| #define PACKAGE_BUGREPORT "Fabio@Colorado.EDU"
| #define PACKAGE_URL ""
| #define PACKAGE "cudd"
| #define VERSION "3.0.0"
| #define HAVE_STDIO_H 1
| #define HAVE_STDLIB_H 1
| #define HAVE_STRING_H 1
| #define HAVE_INTTYPES_H 1
| #define HAVE_STDINT_H 1
| #define HAVE_STRINGS_H 1
| #define HAVE_SYS_STAT_H 1
| #define HAVE_SYS_TYPES_H 1
| #define HAVE_UNISTD_H 1
| #define STDC_HEADERS 1
| #define HAVE_DLFCN_H 1
| #define LT_OBJDIR ".libs/"
| #define HAVE_FLOAT_H 1
| #define HAVE_INTTYPES_H 1
| #define HAVE_LIMITS_H 1
| #define HAVE_STDDEF_H 1
| #define HAVE_STDLIB_H 1
| #define HAVE_STRING_H 1
| #define HAVE_ASSERT_H 1
| #define HAVE_MATH_H 1
| #define HAVE_UNISTD_H 1
| #define HAVE_SYS_TIME_H 1
| #define HAVE_SYS_TIMES_H 1
| #define HAVE_SYS_RESOURCE_H 1
| #define HAVE_SYS_WAIT_H 1
| #define HAVE_WORKING_THREAD 1
| #define HAVE__BOOL 1
| /* end confdefs.h.  */
| #include <stdbool.h>
| 
|              #ifndef __bool_true_false_are_defined
|                #error "__bool_true_false_are_defined is not defined"
|              #endif
|              char a[__bool_true_false_are_defined == 1 ? 1 : -1];
| 
|              /* Regardless of whether this is C++ or "_Bool" is a
|                 valid type name, "true" and "false" should be usable
|                 in #if expressions and integer constant expressions,
|                 and "bool" should be a valid type name.  */
| 
|              #if !true
|                #error "'true' is not true"
|              #endif
|              #if true != 1
|                #error "'true' is not equal to 1"
|              #endif
|              char b[true == 1 ? 1 : -1];
|              char c[true];
| 
|              #if false
|                #error "'false' is not false"
|              #endif
|              #if false != 0
|                #error "'false' is not equal to 0"
|              #endif
|              char d[false == 0 ? 1 : -1];
| 
|              enum { e = false, f = true, g = false * true, h = true * 256 };
| 
|              char i[(bool) 0.5 == true ? 1 : -1];
|              char j[(bool) 0.0 == false ? 1 : -1];
|              char k[sizeof (bool) > 0 ? 1 : -1];
| 
|              struct sb { bool s: 1; bool t; } s;
|              char l[sizeof s.t > 0 ? 1 : -1];
| 
|              /* The following fails for
|                 HP aC++/ANSI C B3910B A.05.55 [Dec 04 2003]. */
|              bool m[h];
|              char n[sizeof m == h * sizeof m[0] ? 1 : -1];
|              char o[-1 - (bool) 0 < 0 ? 1 : -1];
|              /* Catch a bug in an HP-UX C compiler.  See
|          https://gcc.gnu.org/ml/gcc-patches/2003-12/msg02303.html
|          https://lists.gnu.org/archive/html/bug-coreutils/2005-11/msg00161.html
|               */
|              bool p = true;
|              bool *pp = &p;
| 
|              /* C 1999 specifies that bool, true, and false are to be
|                 macros, but C++ 2011 and later overrule this.  */
|              #if __cplusplus < 201103
|               #ifndef bool
|                #error "bool is not defined"
|               #endif
|               #ifndef false
|                #error "false is not defined"
|               #endif
|               #ifndef true
|                #error "true is not defined"
|               #endif
|              #endif
| 
|              /* If _Bool is available, repeat with it all the tests
|                 above that used bool.  */
|              #ifdef HAVE__BOOL
|                struct sB { _Bool s: 1; _Bool t; } t;
| 
|                char q[(_Bool) 0.5 == true ? 1 : -1];
|                char r[(_Bool) 0.0 == false ? 1 : -1];
|                char u[sizeof (_Bool) > 0 ? 1 : -1];
|                char v[sizeof t.t > 0 ? 1 : -1];
| 
|                _Bool w[h];
|                char x[sizeof m == h * sizeof m[0] ? 1 : -1];
|                char y[-1 - (_Bool) 0 < 0 ? 1 : -1];
|                _Bool z = true;
|                _Bool *pz = &p;
|              #endif
| 
| int
| main (void)
| {
| 
|              bool ps = &s;
|              *pp |= p;
|              *pp |= ! p;
| 
|              #ifdef HAVE__BOOL
|                _Bool pt = &t;
|                *pz |= z;
|                *pz |= ! z;
|              #endif
| 
|              /* Refer to every declared value, so they cannot be
|                 discarded as unused.  */
|              return (!a + !b + !c + !d + !e + !f + !g + !h + !i + !j + !k
|                      + !l + !m + !n + !o + !p + !pp + !ps
|              #ifdef HAVE__BOOL
|                      + !q + !r + !u + !v + !w + !x + !y + !z + !pt
|              #endif
|                     );
| 
|   ;
|   return 0;
| }
configure:18387: result: no
configure:18390: checking for inline
configure:18407: gcc -c -Wall -Wextra -g -O3  conftest.c >&5
configure:18407: $? = 0
configure:18416: result: inline
configure:18434: checking for size_t
configure:18434: gcc -c -Wall -Wextra -g -O3  conftest.c >&5
configure:18434: $? = 0
configure:18434: gcc -c -Wall -Wextra -g -O3  conftest.c >&5
conftest.c: In function 'main':
conftest.c:69:21: error: expected expression before ')' token
   69 | if (sizeof ((size_t)))
      |                     ^
configure:18434: $? = 1
configure: failed program was:
| /* confdefs.h */
| #define PACKAGE_NAME "cudd"
| #define PACKAGE_TARNAME "cudd"
| #define PACKAGE_VERSION "3.0.0"
| #define PACKAGE_STRING "cudd 3.0.0"
| #define PACKAGE_BUGREPORT "Fabio@Colorado.EDU"
| #define PACKAGE_URL ""
| #define PACKAGE "cudd"
| #define VERSION "3.0.0"
| #define HAVE_STDIO_H 1
| #define HAVE_STDLIB_H 1
| #define HAVE_STRING_H 1
| #define HAVE_INTTYPES_H 1
| #define HAVE_STDINT_H 1
| #define HAVE_STRINGS_H 1
| #define HAVE_SYS_STAT_H 1
| #define HAVE_SYS_TYPES_H 1
| #define HAVE_UNISTD_H 1
| #define STDC_HEADERS 1
| #define HAVE_DLFCN_H 1
| #define LT_OBJDIR ".libs/"
| #define HAVE_FLOAT_H 1
| #define HAVE_INTTYPES_H 1
| #define HAVE_LIMITS_H 1
| #define HAVE_STDDEF_H 1
| #define HAVE_STDLIB_H 1
| #define HAVE_STRING_H 1
| #define HAVE_ASSERT_H 1
| #define HAVE_MATH_H 1
| #define HAVE_UNISTD_H 1
| #define HAVE_SYS_TIME_H 1
| #define HAVE_SYS_TIMES_H 1
| #define HAVE_SYS_RESOURCE_H 1
| #define HAVE_SYS_WAIT_H 1
| #define HAVE_WORKING_THREAD 1
| #define HAVE__BOOL 1
| /* end confdefs.h.  */
| #include <stddef.h>
| #ifdef HAVE_STDIO_H
| # include <stdio.h>
| #endif
| #ifdef HAVE_STDLIB_H
| # include <stdlib.h>
| #endif
| #ifdef HAVE_STRING_H
| # include <string.h>
| #endif
| #ifdef HAVE_INTTYPES_H
| # include <inttypes.h>
| #endif
| #ifdef HAVE_STDINT_H
| # include <stdint.h>
| #endif
| #ifdef HAVE_STRINGS_H
| # include <strings.h>
| #endif
| #ifdef HAVE_SYS_TYPES_H
| # include <sys/types.h>
| #endif
| #ifdef HAVE_SYS_STAT_H
| # include <sys/stat.h>
| #endif
| #ifdef HAVE_UNISTD_H
| # include <unistd.h>
| #endif
| int
| main (void)
| {
| if (sizeof ((size_t)))
| 	    return 0;
|   ;
|   return 0;
| }
configure:18434: result: yes
configure:18444: checking for uint16_t
configure:18444: gcc -c -Wall -Wextra -g -O3  conftest.c >&5
configure:18444: $? = 0
configure:18444: result: yes
configure:18454: checking for uint32_t
configure:18454: gcc -c -Wall -Wextra -g -O3  conftest.c >&5
configure:18454: $? = 0
configure:18454: result: yes
configure:18466: checking for ptrdiff_t
configure:18466: gcc -c -Wall -Wextra -g -O3  conftest.c >&5
configure:18466: $? = 0
configure:18466: gcc -c -Wall -Wextra -g -O3  conftest.c >&5
conftest.c: In function 'main':
conftest.c:69:24: error: expected expression before ')' token
   69 | if (sizeof ((ptrdiff_t)))
      |                        ^
configure:18466: $? = 1
configure: failed program was:
| /* confdefs.h */
| #define PACKAGE_NAME "cudd"
| #define PACKAGE_TARNAME "cudd"
| #define PACKAGE_VERSION "3.0.0"
| #define PACKAGE_STRING "cudd 3.0.0"
| #define PACKAGE_BUGREPORT "Fabio@Colorado.EDU"
| #define PACKAGE_URL ""
| #define PACKAGE "cudd"
| #define VERSION "3.0.0"
| #define HAVE_STDIO_H 1
| #define HAVE_STDLIB_H 1
| #define HAVE_STRING_H 1
| #define HAVE_INTTYPES_H 1
| #define HAVE_STDINT_H 1
| #define HAVE_STRINGS_H 1
| #define HAVE_SYS_STAT_H 1
| #define HAVE_SYS_TYPES_H 1
| #define HAVE_UNISTD_H 1
| #define STDC_HEADERS 1
| #define HAVE_DLFCN_H 1
| #define LT_OBJDIR ".libs/"
| #define HAVE_FLOAT_H 1
| #define HAVE_INTTYPES_H 1
| #define HAVE_LIMITS_H 1
| #define HAVE_STDDEF_H 1
| #define HAVE_STDLIB_H 1
| #define HAVE_STRING_H 1
| #define HAVE_ASSERT_H 1
| #define HAVE_MATH_H 1
| #define HAVE_UNISTD_H 1
| #define HAVE_SYS_TIME_H 1
| #define HAVE_SYS_TIMES_H 1
| #define HAVE_SYS_RESOURCE_H 1
| #define HAVE_SYS_WAIT_H 1
| #define HAVE_WORKING_THREAD 1
| #define HAVE__BOOL 1
| /* end confdefs.h.  */
| #include <stddef.h>
| #ifdef HAVE_STDIO_H
| # include <stdio.h>
| #endif
| #ifdef HAVE_STDLIB_H
| # include <stdlib.h>
| #endif
| #ifdef HAVE_STRING_H
| # include <string.h>
| #endif
| #ifdef HAVE_INTTYPES_H
| # include <inttypes.h>
| #endif
| #ifdef HAVE_STDINT_H
| # include <stdint.h>
| #endif
| #ifdef HAVE_STRINGS_H
| # include <strings.h>
| #endif
| #ifdef HAVE_SYS_TYPES_H
| # include <sys/types.h>
| #endif
| #ifdef HAVE_SYS_STAT_H
| # include <sys/stat.h>
| #endif
| #ifdef HAVE_UNISTD_H
| # include <unistd.h>
| #endif
| int
| main (void)
| {
| if (sizeof ((ptrdiff_t)))
| 	    return 0;
|   ;
|   return 0;
| }
configure:18466: result: yes
configure:18479: checking size of int
configure:18485: gcc -o conftest -Wall -Wextra -g -O3   conftest.c -lm  >&5
configure:18485: $? = 0
configure:18485: ./conftest
configure:18485: $? = 0
configure:18500: result: 4
configure:18512: checking size of long
configure:18518: gcc -o conftest -Wall -Wextra -g -O3   conftest.c -lm  >&5
configure:18518: $? = 0
configure:18518: ./conftest
configure:18518: $? = 0
configure:18533: result: 8
configure:18545: checking size of void *
configure:18551: gcc -o conftest -Wall -Wextra -g -O3   conftest.c -lm  >&5
configure:18551: $? = 0
configure:18551: ./conftest
configure:18551: $? = 0
configure:18566: result: 8
configure:18578: checking size of long double
configure:18584: gcc -o conftest -Wall -Wextra -g -O3   conftest.c -lm  >&5
configure:18584: $? = 0
configure:18584: ./conftest
configure:18584: $? = 0
configure:18599: result: 16
configure:18607: checking whether we are building for a Win32 host
configure:18620: gcc -c -Wall -Wextra -g -O3  conftest.c >&5
configure:18620: $? = 0
configure:18628: result: no
configure:18643: checking whether enough of C++11 is supported
configure:18663: g++ -c -Wall -Wextra -std=c++0x -g -O3  conftest.cpp >&5
conftest.cpp: In function 'int main()':
conftest.cpp:46:9: warning: unused variable 'p' [-Wunused-variable]
   46 |   void *p = nullptr;
      |         ^
configure:18663: $? = 0
configure:18677: result: yes
configure:18691: checking for pow
configure:18691: gcc -o conftest -Wall -Wextra -g -O3   conftest.c -lm  >&5
conftest.c:60:6: warning: conflicting types for built-in function 'pow'; expected 'double(double,  double)' [-Wbuiltin-declaration-mismatch]
   60 | char pow ();
      |      ^~~
conftest.c:52:1: note: 'pow' is declared in header '<math.h>'
   51 | #include <limits.h>
   52 | #undef pow
configure:18691: $? = 0
configure:18691: result: yes
configure:18691: checking for sqrt
configure:18691: gcc -o conftest -Wall -Wextra -g -O3   conftest.c -lm  >&5
conftest.c:61:6: warning: conflicting types for built-in function 'sqrt'; expected 'double(double)' [-Wbuiltin-declaration-mismatch]
   61 | char sqrt ();
      |      ^~~~
conftest.c:53:1: note: 'sqrt' is declared in header '<math.h>'
   52 | #include <limits.h>
   53 | #undef sqrt
configure:18691: $? = 0
configure:18691: result: yes
configure:18691: checking for strchr
configure:18691: gcc -o conftest -Wall -Wextra -g -O3   conftest.c -lm  >&5
conftest.c:62:6: warning: conflicting types for built-in function 'strchr'; expected 'char *(const char *, int)' [-Wbuiltin-declaration-mismatch]
   62 | char strchr ();
      |      ^~~~~~
conftest.c:54:1: note: 'strchr' is declared in header '<string.h>'
   53 | #include <limits.h>
   54 | #undef strchr
configure:18691: $? = 0
configure:18691: result: yes
configure:18691: checking for strstr
configure:18691: gcc -o conftest -Wall -Wextra -g -O3   conftest.c -lm  >&5
conftest.c:63:6: warning: conflicting types for built-in function 'strstr'; expected 'char *(const char *, const char *)' [-Wbuiltin-declaration-mismatch]
   63 | char strstr ();
      |      ^~~~~~
conftest.c:55:1: note: 'strstr' is declared in header '<string.h>'
   54 | #include <limits.h>
   55 | #undef strstr
configure:18691: $? = 0
configure:18691: result: yes
configure:18707: checking for powl
configure:18707: gcc -o conftest -Wall -Wextra -g -O3   conftest.c -lm  >&5
conftest.c:64:6: warning: conflicting types for built-in function 'powl'; expected 'long double(long double,  long double)' [-Wbuiltin-declaration-mismatch]
   64 | char powl ();
      |      ^~~~
conftest.c:56:1: note: 'powl' is declared in header '<math.h>'
   55 | #include <limits.h>
   56 | #undef powl
configure:18707: $? = 0
configure:18707: result: yes
configure:18713: checking for gethostname
configure:18713: gcc -o conftest -Wall -Wextra -g -O3   conftest.c -lm  >&5
configure:18713: $? = 0
configure:18713: result: yes
configure:18719: checking for getrlimit
configure:18719: gcc -o conftest -Wall -Wextra -g -O3   conftest.c -lm  >&5
configure:18719: $? = 0
configure:18719: result: yes
configure:18725: checking for getrusage
configure:18725: gcc -o conftest -Wall -Wextra -g -O3   conftest.c -lm  >&5
configure:18725: $? = 0
configure:18725: result: yes
configure:18731: checking for sysconf
configure:18731: gcc -o conftest -Wall -Wextra -g -O3   conftest.c -lm  >&5
configure:18731: $? = 0
configure:18731: result: yes
configure:18741: checking for +Infinity (IEEE 754 floating point)
configure:18762: gcc -o conftest -Wall -Wextra -g -O3   conftest.c -lm  >&5
conftest.c:55:1: error: return type defaults to 'int' [-Wimplicit-int]
   55 | main(void)
      | ^~~~
configure:18762: $? = 1
configure: program exited with status 1
configure: failed program was:
| /* confdefs.h */
| #define PACKAGE_NAME "cudd"
| #define PACKAGE_TARNAME "cudd"
| #define PACKAGE_VERSION "3.0.0"
| #define PACKAGE_STRING "cudd 3.0.0"
| #define PACKAGE_BUGREPORT "Fabio@Colorado.EDU"
| #define PACKAGE_URL ""
| #define PACKAGE "cudd"
| #define VERSION "3.0.0"
| #define HAVE_STDIO_H 1
| #define HAVE_STDLIB_H 1
| #define HAVE_STRING_H 1
| #define HAVE_INTTYPES_H 1
| #define HAVE_STDINT_H 1
| #define HAVE_STRINGS_H 1
| #define HAVE_SYS_STAT_H 1
| #define HAVE_SYS_TYPES_H 1
| #define HAVE_UNISTD_H 1
| #define STDC_HEADERS 1
| #define HAVE_DLFCN_H 1
| #define LT_OBJDIR ".libs/"
| #define HAVE_FLOAT_H 1
| #define HAVE_INTTYPES_H 1
| #define HAVE_LIMITS_H 1
| #define HAVE_STDDEF_H 1
| #define HAVE_STDLIB_H 1
| #define HAVE_STRING_H 1
| #define HAVE_ASSERT_H 1
| #define HAVE_MATH_H 1
| #define HAVE_UNISTD_H 1
| #define HAVE_SYS_TIME_H 1
| #define HAVE_SYS_TIMES_H 1
| #define HAVE_SYS_RESOURCE_H 1
| #define HAVE_SYS_WAIT_H 1
| #define HAVE_WORKING_THREAD 1
| #define HAVE__BOOL 1
| #define HAVE_PTRDIFF_T 1
| #define SIZEOF_INT 4
| #define SIZEOF_LONG 8
| #define SIZEOF_VOID_P 8
| #define SIZEOF_LONG_DOUBLE 16
| #define HAVE_MODERN_CXX 1
| #define HAVE_POW 1
| #define HAVE_SQRT 1
| #define HAVE_STRCHR 1
| #define HAVE_STRSTR 1
| #define HAVE_POWL 1
| #define HAVE_GETHOSTNAME 1
| #define HAVE_GETRLIMIT 1
| #define HAVE_GETRUSAGE 1
| #define HAVE_SYSCONF 1
| /* end confdefs.h.  */
| 
| #include <math.h>
| main(void)
| {
|     if (HUGE_VAL != HUGE_VAL * 3 || HUGE_VAL != HUGE_VAL / 3) return 1;
|     return 0;
| }
| 
configure:18801: result: no
configure:18924: checking that generated files are newer than configure
configure:18930: result: done
configure:18986: creating ./config.status

## ---------------------- ##
## Running config.status. ##
## ---------------------- ##

This file was extended by cudd config.status 3.0.0, which was
generated by GNU Autoconf 2.71.  Invocation command line was

  CONFIG_FILES    = 
  CONFIG_HEADERS  = 
  CONFIG_LINKS    = 
  CONFIG_COMMANDS = 
  $ ./config.status 

on pcoz

config.status:1197: creating Doxyfile
config.status:1197: creating doc/cudd.tex
config.status:1197: creating Makefile
config.status:1197: creating dddmp/exp/test1.sh
config.status:1197: creating dddmp/exp/test2.sh
config.status:1197: creating dddmp/exp/test3.sh
config.status:1197: creating dddmp/exp/test4.sh
config.status:1197: creating dddmp/exp/test5.sh
config.status:1197: creating dddmp/exp/test6.sh
config.status:1197: creating dddmp/exp/test7.sh
config.status:1197: creating config.h
config.status:1378: config.h is unchanged
config.status:1426: executing depfiles commands
config.status:1503: cd .       && sed -e '/# am--include-marker/d' Makefile         | make -f - am--depfiles
make: Nothing to be done for 'am--depfiles'.
config.status:1508: $? = 0
config.status:1426: executing libtool commands

## ---------------- ##
## Cache variables. ##
## ---------------- ##

ac_cv_build=x86_64-pc-linux-gnu
ac_cv_c_bigendian=no
ac_cv_c_compiler_gnu=yes
ac_cv_c_inline=inline
ac_cv_c_uint16_t=yes
ac_cv_c_uint32_t=yes
ac_cv_cxx_compiler_gnu=yes
ac_cv_env_CCC_set=
ac_cv_env_CCC_value=
ac_cv_env_CC_set=
ac_cv_env_CC_value=
ac_cv_env_CFLAGS_set=
ac_cv_env_CFLAGS_value=
ac_cv_env_CPPFLAGS_set=
ac_cv_env_CPPFLAGS_value=
ac_cv_env_CXXCPP_set=
ac_cv_env_CXXCPP_value=
ac_cv_env_CXXFLAGS_set=
ac_cv_env_CXXFLAGS_value=
ac_cv_env_CXX_set=
ac_cv_env_CXX_value=
ac_cv_env_LDFLAGS_set=
ac_cv_env_LDFLAGS_value=
ac_cv_env_LIBS_set=
ac_cv_env_LIBS_value=
ac_cv_env_LT_SYS_LIBRARY_PATH_set=
ac_cv_env_LT_SYS_LIBRARY_PATH_value=
ac_cv_env_build_alias_set=
ac_cv_env_build_alias_value=
ac_cv_env_host_alias_set=
ac_cv_env_host_alias_value=
ac_cv_env_target_alias_set=
ac_cv_env_target_alias_value=
ac_cv_func_gethostname=yes
ac_cv_func_getrlimit=yes
ac_cv_func_getrusage=yes
ac_cv_func_pow=yes
ac_cv_func_powl=yes
ac_cv_func_sqrt=yes
ac_cv_func_strchr=yes
ac_cv_func_strstr=yes
ac_cv_func_sysconf=yes
ac_cv_have_ieee_754=no
ac_cv_have_modern_cxx=yes
ac_cv_header_assert_h=yes
ac_cv_header_dlfcn_h=yes
ac_cv_header_float_h=yes
ac_cv_header_inttypes_h=yes
ac_cv_header_limits_h=yes
ac_cv_header_math_h=yes
ac_cv_header_stdbool_h=no
ac_cv_header_stddef_h=yes
ac_cv_header_stdint_h=yes
ac_cv_header_stdio_h=yes
ac_cv_header_stdlib_h=yes
ac_cv_header_string_h=yes
ac_cv_header_strings_h=yes
ac_cv_header_sys_resource_h=yes
ac_cv_header_sys_stat_h=yes
ac_cv_header_sys_time_h=yes
ac_cv_header_sys_times_h=yes
ac_cv_header_sys_types_h=yes
ac_cv_header_sys_wait_h=yes
ac_cv_header_unistd_h=yes
ac_cv_host=x86_64-pc-linux-gnu
ac_cv_lib_pthread_pthread_create=yes
ac_cv_objext=o
ac_cv_path_EGREP='/usr/bin/grep -E'
ac_cv_path_FGREP='/usr/bin/grep -F'
ac_cv_path_GREP=/usr/bin/grep
ac_cv_path_SED=/usr/bin/sed
ac_cv_path_install='/usr/bin/install -c'
ac_cv_path_lt_DD=/usr/bin/dd
ac_cv_path_mkdir=/usr/bin/mkdir
ac_cv_prog_AWK=gawk
ac_cv_prog_CXXCPP='g++ -E'
ac_cv_prog_DOXYGEN=doxygen
ac_cv_prog_MAKEINDEX=makeindex
ac_cv_prog_PDFLATEX=pdflatex
ac_cv_prog_ac_ct_AR=ar
ac_cv_prog_ac_ct_CC=gcc
ac_cv_prog_ac_ct_CXX=g++
ac_cv_prog_ac_ct_OBJDUMP=objdump
ac_cv_prog_ac_ct_RANLIB=ranlib
ac_cv_prog_ac_ct_STRIP=strip
ac_cv_prog_cc_c11=
ac_cv_prog_cc_g=yes
ac_cv_prog_cc_stdc=
ac_cv_prog_cxx_11=no
ac_cv_prog_cxx_cxx11=
ac_cv_prog_cxx_g=yes
ac_cv_prog_cxx_stdcxx=
ac_cv_prog_make_make_set=yes
ac_cv_search_GetProcessMemoryInfo=no
ac_cv_search_WSAStartup=no
ac_cv_search_pow=-lm
ac_cv_sizeof_int=4
ac_cv_sizeof_long=8
ac_cv_sizeof_long_double=16
ac_cv_sizeof_void_p=8
ac_cv_type__Bool=yes
ac_cv_type_ptrdiff_t=yes
ac_cv_type_size_t=yes
am_cv_CC_dependencies_compiler_type=gcc3
am_cv_CXX_dependencies_compiler_type=gcc3
am_cv_ar_interface=ar
am_cv_make_support_nested_variables=yes
am_cv_prog_cc_c_o=yes
lt_cv_ar_at_file=@
lt_cv_deplibs_check_method=pass_all
lt_cv_file_magic_cmd='$MAGIC_CMD'
lt_cv_file_magic_test_file=
lt_cv_ld_reload_flag=-r
lt_cv_nm_interface='BSD nm'
lt_cv_objdir=.libs
lt_cv_path_LD=/usr/bin/ld
lt_cv_path_LDCXX='/usr/bin/ld -m elf_x86_64'
lt_cv_path_NM='/usr/bin/nm -B'
lt_cv_path_mainfest_tool=no
lt_cv_prog_compiler_c_o=yes
lt_cv_prog_compiler_c_o_CXX=yes
lt_cv_prog_compiler_pic='-fPIC -DPIC'
lt_cv_prog_compiler_pic_CXX='-fPIC -DPIC'
lt_cv_prog_compiler_pic_works=yes
lt_cv_prog_compiler_pic_works_CXX=yes
lt_cv_prog_compiler_rtti_exceptions=no
lt_cv_prog_compiler_static_works=yes
lt_cv_prog_compiler_static_works_CXX=yes
lt_cv_prog_gnu_ld=yes
lt_cv_prog_gnu_ldcxx=yes
lt_cv_sharedlib_from_linklib_cmd='printf %s\n'
lt_cv_shlibpath_overrides_runpath=yes
lt_cv_sys_global_symbol_pipe='sed -n -e '\''s/^.*[	 ]\([ABCDGIRSTW][ABCDGIRSTW]*\)[	 ][	 ]*\([_A-Za-z][_A-Za-z0-9]*\)$/\1 \2 \2/p'\'' | sed '\''/ __gnu_lto/d'\'''
lt_cv_sys_global_symbol_to_c_name_address='sed -n -e '\''s/^: \(.*\) .*$/  {"\1", (void *) 0},/p'\'' -e '\''s/^[ABCDGIRSTW][ABCDGIRSTW]* .* \(.*\)$/  {"\1", (void *) \&\1},/p'\'''
lt_cv_sys_global_symbol_to_c_name_address_lib_prefix='sed -n -e '\''s/^: \(.*\) .*$/  {"\1", (void *) 0},/p'\'' -e '\''s/^[ABCDGIRSTW][ABCDGIRSTW]* .* \(lib.*\)$/  {"\1", (void *) \&\1},/p'\'' -e '\''s/^[ABCDGIRSTW][ABCDGIRSTW]* .* \(.*\)$/  {"lib\1", (void *) \&\1},/p'\'''
lt_cv_sys_global_symbol_to_cdecl='sed -n -e '\''s/^T .* \(.*\)$/extern int \1();/p'\'' -e '\''s/^[ABCDGIRSTW][ABCDGIRSTW]* .* \(.*\)$/extern char \1;/p'\'''
lt_cv_sys_global_symbol_to_import=
lt_cv_sys_max_cmd_len=1572864
lt_cv_to_host_file_cmd=func_convert_file_noop
lt_cv_to_tool_file_cmd=func_convert_file_noop
lt_cv_truncate_bin='/usr/bin/dd bs=4096 count=1'
mingw_cv_win32_host=no

## ----------------- ##
## Output variables. ##
## ----------------- ##

ACLOCAL='${SHELL} '\''/home/oz/Desktop/bdd/bddsampler/BDDSampler/cudd-3.0.0/build-aux/missing'\'' aclocal-1.16'
AMDEPBACKSLASH='\'
AMDEP_FALSE='#'
AMDEP_TRUE=''
AMTAR='$${TAR-tar}'
AM_BACKSLASH='\'
AM_DEFAULT_V='$(AM_DEFAULT_VERBOSITY)'
AM_DEFAULT_VERBOSITY='1'
AM_V='$(V)'
AR='ar'
AS='as'
AUTOCONF='${SHELL} '\''/home/oz/Desktop/bdd/bddsampler/BDDSampler/cudd-3.0.0/build-aux/missing'\'' autoconf'
AUTOHEADER='${SHELL} '\''/home/oz/Desktop/bdd/bddsampler/BDDSampler/cudd-3.0.0/build-aux/missing'\'' autoheader'
AUTOMAKE='${SHELL} '\''/home/oz/Desktop/bdd/bddsampler/BDDSampler/cudd-3.0.0/build-aux/missing'\'' automake-1.16'
AWK='gawk'
CC='gcc'
CCDEPMODE='depmode=gcc3'
CFLAGS='-Wall -Wextra -g -O3'
CPPFLAGS=''
CROSS_COMPILING_FALSE=''
CROSS_COMPILING_TRUE='#'
CXX='g++'
CXXCPP='g++ -E'
CXXDEPMODE='depmode=gcc3'
CXXFLAGS='-Wall -Wextra -std=c++0x -g -O3'
CYGPATH_W='echo'
DDDMP_FALSE=''
DDDMP_TRUE='#'
DEFS='-DHAVE_CONFIG_H'
DEPDIR='.deps'
DLLTOOL='false'
DOXYGEN='doxygen'
DSYMUTIL=''
DUMPBIN=''
ECHO_C=''
ECHO_N='-n'
ECHO_T=''
EGREP='/usr/bin/grep -E'
EXEEXT=''
FGREP='/usr/bin/grep -F'
GREP='/usr/bin/grep'
HAVE_DOXYGEN_FALSE='#'
HAVE_DOXYGEN_TRUE=''
HAVE_PDFLATEX_FALSE='#'
HAVE_PDFLATEX_TRUE=''
HAVE_PTHREADS_FALSE='#'
HAVE_PTHREADS_TRUE=''
INSTALL_DATA='${INSTALL} -m 644'
INSTALL_PROGRAM='${INSTALL}'
INSTALL_SCRIPT='${INSTALL}'
INSTALL_STRIP_PROGRAM='$(install_sh) -c -s'
LD='/usr/bin/ld -m elf_x86_64'
LDFLAGS=''
LIBOBJS=''
LIBS='-lm '
LIBTOOL='$(SHELL) $(top_builddir)/libtool'
LIPO=''
LN_S='ln -s'
LTLIBOBJS=''
LT_SYS_LIBRARY_PATH=''
MAKEINDEX='makeindex'
MAKEINFO='${SHELL} '\''/home/oz/Desktop/bdd/bddsampler/BDDSampler/cudd-3.0.0/build-aux/missing'\'' makeinfo'
MANIFEST_TOOL=':'
MINGW64_FALSE=''
MINGW64_TRUE='#'
MKDIR_P='/usr/bin/mkdir -p'
NM='/usr/bin/nm -B'
NMEDIT=''
OBJDUMP='objdump'
OBJEXT='o'
OBJ_FALSE=''
OBJ_TRUE='#'
OTOOL64=''
OTOOL=''
PACKAGE='cudd'
PACKAGE_BUGREPORT='Fabio@Colorado.EDU'
PACKAGE_NAME='cudd'
PACKAGE_STRING='cudd 3.0.0'
PACKAGE_TARNAME='cudd'
PACKAGE_URL=''
PACKAGE_VERSION='3.0.0'
PATH_SEPARATOR=':'
PDFLATEX='pdflatex'
RANLIB='ranlib'
SED='/usr/bin/sed'
SET_MAKE=''
SHELL='/bin/sh'
STRIP='strip'
VERSION='3.0.0'
ac_ct_AR='ar'
ac_ct_CC='gcc'
ac_ct_CXX='g++'
ac_ct_DUMPBIN=''
am__EXEEXT_FALSE=''
am__EXEEXT_TRUE='#'
am__fastdepCC_FALSE='#'
am__fastdepCC_TRUE=''
am__fastdepCXX_FALSE='#'
am__fastdepCXX_TRUE=''
am__include='include'
am__isrc=''
am__leading_dot='.'
am__nodep='_no'
am__quote=''
am__tar='$${TAR-tar} chof - "$$tardir"'
am__untar='$${TAR-tar} xf -'
bindir='${exec_prefix}/bin'
build='x86_64-pc-linux-gnu'
build_alias=''
build_cpu='x86_64'
build_os='linux-gnu'
build_vendor='pc'
datadir='${datarootdir}'
datarootdir='${prefix}/share'
docdir='${datarootdir}/doc/${PACKAGE_TARNAME}'
dvidir='${docdir}'
exec_prefix='${prefix}'
host='x86_64-pc-linux-gnu'
host_alias=''
host_cpu='x86_64'
host_os='linux-gnu'
host_vendor='pc'
htmldir='${docdir}'
includedir='${prefix}/include'
infodir='${datarootdir}/info'
install_sh='${SHELL} /home/oz/Desktop/bdd/bddsampler/BDDSampler/cudd-3.0.0/build-aux/install-sh'
libdir='${exec_prefix}/lib'
libexecdir='${exec_prefix}/libexec'
localedir='${datarootdir}/locale'
localstatedir='${prefix}/var'
mandir='${datarootdir}/man'
mkdir_p='$(MKDIR_P)'
oldincludedir='/usr/include'
pdfdir='${docdir}'
prefix='/usr/local'
program_transform_name='s,x,x,'
psdir='${docdir}'
runstatedir='${localstatedir}/run'
sbindir='${exec_prefix}/sbin'
sharedstatedir='${prefix}/com'
sysconfdir='${prefix}/etc'
target_alias=''

## ----------- ##
## confdefs.h. ##
## ----------- ##

/* confdefs.h */
#define PACKAGE_NAME "cudd"
#define PACKAGE_TARNAME "cudd"
#define PACKAGE_VERSION "3.0.0"
#define PACKAGE_STRING "cudd 3.0.0"
#define PACKAGE_BUGREPORT "Fabio@Colorado.EDU"
#define PACKAGE_URL ""
#define PACKAGE "cudd"
#define VERSION "3.0.0"
#define HAVE_STDIO_H 1
#define HAVE_STDLIB_H 1
#define HAVE_STRING_H 1
#define HAVE_INTTYPES_H 1
#define HAVE_STDINT_H 1
#define HAVE_STRINGS_H 1
#define HAVE_SYS_STAT_H 1
#define HAVE_SYS_TYPES_H 1
#define HAVE_UNISTD_H 1
#define STDC_HEADERS 1
#define HAVE_DLFCN_H 1
#define LT_OBJDIR ".libs/"
#define HAVE_FLOAT_H 1
#define HAVE_INTTYPES_H 1
#define HAVE_LIMITS_H 1
#define HAVE_STDDEF_H 1
#define HAVE_STDLIB_H 1
#define HAVE_STRING_H 1
#define HAVE_ASSERT_H 1
#define HAVE_MATH_H 1
#define HAVE_UNISTD_H 1
#define HAVE_SYS_TIME_H 1
#define HAVE_SYS_TIMES_H 1
#define HAVE_SYS_RESOURCE_H 1
#define HAVE_SYS_WAIT_H 1
#define HAVE_WORKING_THREAD 1
#define HAVE__BOOL 1
#define HAVE_PTRDIFF_T 1
#define SIZEOF_INT 4
#define SIZEOF_LONG 8
#define SIZEOF_VOID_P 8
#define SIZEOF_LONG_DOUBLE 16
#define HAVE_MODERN_CXX 1
#define HAVE_POW 1
#define HAVE_SQRT 1
#define HAVE_STRCHR 1
#define HAVE_STRSTR 1
#define HAVE_POWL 1
#define HAVE_GETHOSTNAME 1
#define HAVE_GETRLIMIT 1
#define HAVE_GETRUSAGE 1
#define HAVE_SYSCONF 1

configure: exit 0
